{"name":"Sasta lens Req Logger","hostname":"Sanjay-Murmu","pid":22128,"body":{"status":400,"message":"\"password\" length must be less than or equal to 4 characters long"},"statusCode":200,"level":30,"msg":"response","time":"2022-06-05T12:54:43.258Z","v":0}
{"name":"Sasta lens Req Logger","hostname":"Sanjay-Murmu","pid":24488,"body":{"status":400,"message":"\"phoneNumber\" is required"},"statusCode":200,"level":30,"msg":"response","time":"2022-06-05T12:55:28.864Z","v":0}
{"name":"Sasta lens Req Logger","hostname":"Sanjay-Murmu","pid":16560,"body":{"status":400,"message":"\"password\" is not allowed"},"statusCode":200,"level":30,"msg":"response","time":"2022-06-05T12:55:59.164Z","v":0}
{"name":"Sasta lens Req Logger","hostname":"Sanjay-Murmu","pid":22312,"body":{"status":400,"message":"\"password\" is not allowed"},"statusCode":200,"level":30,"msg":"response","time":"2022-06-05T12:58:35.897Z","v":0}
{"name":"Sasta lens Req Logger","hostname":"Sanjay-Murmu","pid":20128,"body":{"status":401,"message":"jwt must be provided"},"statusCode":200,"level":30,"msg":"response","time":"2022-06-05T13:55:14.845Z","v":0}
{"name":"Sasta lens Req Logger","hostname":"Sanjay-Murmu","pid":19924,"body":{"status":400,"message":"\"price\" is not allowed"},"statusCode":200,"level":30,"msg":"response","time":"2022-08-02T19:18:21.867Z","v":0}
{"name":"Sasta lens Req Logger","hostname":"Sanjay-Murmu","pid":19924,"body":{"status":400,"message":"\"price\" is not allowed"},"statusCode":200,"level":30,"msg":"response","time":"2022-08-02T19:19:16.098Z","v":0}
{"name":"Sasta lens Req Logger","hostname":"Sanjay-Murmu","pid":2512,"body":{"status":400,"message":"\"price\" is not allowed"},"statusCode":200,"level":30,"msg":"response","time":"2022-08-02T19:19:57.781Z","v":0}
{"name":"Sasta lens Req Logger","hostname":"Sanjay-Murmu","pid":10824,"body":{"status":400,"message":"\"price\" is not allowed"},"statusCode":200,"level":30,"msg":"response","time":"2022-08-02T19:20:52.461Z","v":0}
{"name":"Sasta lens Req Logger","hostname":"Sanjay-Murmu","pid":10824,"body":{"status":400,"message":"\"price\" is not allowed"},"statusCode":200,"level":30,"msg":"response","time":"2022-08-02T19:21:02.596Z","v":0}
{"name":"Sasta lens Req Logger","hostname":"Sanjay-Murmu","pid":12876,"body":{"status":400,"message":"\"price\" is not allowed"},"statusCode":200,"level":30,"msg":"response","time":"2022-08-02T19:23:45.675Z","v":0}
{"name":"Sasta lens Req Logger","hostname":"Sanjay-Murmu","pid":18536,"body":{"status":400,"message":"\"price\" is not allowed"},"statusCode":200,"level":30,"msg":"response","time":"2022-08-02T19:24:51.975Z","v":0}
{"name":"Sasta lens Req Logger","hostname":"Sanjay-Murmu","pid":18536,"body":{"status":400,"message":"\"price\" is not allowed"},"statusCode":200,"level":30,"msg":"response","time":"2022-08-02T19:24:53.750Z","v":0}
{"name":"Sasta lens Req Logger","hostname":"Sanjay-Murmu","pid":12756,"body":{"status":400,"message":"\"price\" is not allowed"},"statusCode":200,"level":30,"msg":"response","time":"2022-08-02T19:26:26.915Z","v":0}
{"name":"Sasta lens Req Logger","hostname":"Sanjay-Murmu","pid":12756,"body":{"status":400,"message":"\"description\" is not allowed"},"statusCode":200,"level":30,"msg":"response","time":"2022-08-02T19:26:40.558Z","v":0}
{"name":"Sasta lens Req Logger","hostname":"Sanjay-Murmu","pid":12756,"body":{"status":400,"message":"\"price\" is not allowed"},"statusCode":200,"level":30,"msg":"response","time":"2022-08-03T17:01:52.987Z","v":0}
{"name":"Sasta lens Req Logger","hostname":"Sanjay-Murmu","pid":14420,"body":{"status":400,"message":"\"price\" is not allowed"},"statusCode":200,"level":30,"msg":"response","time":"2022-08-03T17:49:45.621Z","v":0}
{"name":"Sasta lens Req Logger","hostname":"Sanjay-Murmu","pid":23956,"body":{"status":400,"message":"\"price\" must be a string"},"statusCode":200,"level":30,"msg":"response","time":"2022-08-03T18:05:52.718Z","v":0}
{"name":"Sasta lens Req Logger","hostname":"Sanjay-Murmu","pid":22344,"body":{"status":400,"message":"\"description\" is not allowed"},"statusCode":200,"level":30,"msg":"response","time":"2022-08-03T18:16:41.530Z","v":0}
{"name":"Sasta lens Req Logger","hostname":"Sanjay-Murmu","pid":24324,"body":{"status":400,"message":"\"discription\" is required"},"statusCode":200,"level":30,"msg":"response","time":"2022-08-03T18:19:49.808Z","v":0}
{"name":"Sasta lens Req Logger","hostname":"Sanjay-Murmu","pid":24192,"body":{"status":400,"message":"\"discription\" is required"},"statusCode":200,"level":30,"msg":"response","time":"2022-08-03T18:20:48.654Z","v":0}
{"name":"Sasta lens Req Logger","hostname":"Sanjay-Murmu","pid":3356,"body":{"status":400,"message":"\"discription\" is required"},"statusCode":200,"level":30,"msg":"response","time":"2022-08-03T18:21:09.757Z","v":0}
{"name":"Sasta lens Req Logger","hostname":"Sanjay-Murmu","pid":7948,"body":{"status":400,"message":"\"discription\" is required"},"statusCode":200,"level":30,"msg":"response","time":"2022-08-03T18:22:36.737Z","v":0}
{"name":"Sasta lens Req Logger","hostname":"Sanjay-Murmu","pid":22140,"body":{"status":400,"message":"\"discription\" is required"},"statusCode":200,"level":30,"msg":"response","time":"2022-08-03T18:23:07.490Z","v":0}
{"name":"Sasta lens Req Logger","hostname":"Sanjay-Murmu","pid":22140,"body":{"status":400,"message":"\"discription\" is required"},"statusCode":200,"level":30,"msg":"response","time":"2022-08-03T18:23:41.362Z","v":0}
{"name":"Sasta lens Req Logger","hostname":"Sanjay-Murmu","pid":22140,"body":{"status":400,"message":"\"discription\" is required"},"statusCode":200,"level":30,"msg":"response","time":"2022-08-03T18:23:43.097Z","v":0}
{"name":"Sasta lens Req Logger","hostname":"Sanjay-Murmu","pid":20820,"body":{"status":400,"message":"\"discription\" is required"},"statusCode":200,"level":30,"msg":"response","time":"2022-08-03T18:25:01.720Z","v":0}
{"name":"Sasta lens Req Logger","hostname":"Sanjay-Murmu","pid":22092,"body":{"status":400,"message":"\"discription\" is required"},"statusCode":200,"level":30,"msg":"response","time":"2022-08-03T18:26:43.709Z","v":0}
{"name":"Sasta lens Req Logger","hostname":"Sanjay-Murmu","pid":22092,"body":{"status":400,"message":"\"discription\" is required"},"statusCode":200,"level":30,"msg":"response","time":"2022-08-03T18:26:45.894Z","v":0}
{"name":"Sasta lens Req Logger","hostname":"Sanjay-Murmu","pid":1616,"body":{"status":400,"message":"\"discription\" is required"},"statusCode":200,"level":30,"msg":"response","time":"2022-08-03T18:27:59.686Z","v":0}
{"name":"Sasta lens Req Logger","hostname":"Sanjay-Murmu","pid":1616,"body":{"status":400,"message":"\"discription\" is required"},"statusCode":200,"level":30,"msg":"response","time":"2022-08-03T18:28:02.558Z","v":0}
{"name":"Sasta lens Req Logger","hostname":"Sanjay-Murmu","pid":1616,"body":{"status":400,"message":"\"discription\" is required"},"statusCode":200,"level":30,"msg":"response","time":"2022-08-03T18:28:04.893Z","v":0}
{"name":"Sasta lens Req Logger","hostname":"Sanjay-Murmu","pid":1616,"body":{"status":400,"message":"\"discription\" is required"},"statusCode":200,"level":30,"msg":"response","time":"2022-08-03T18:28:43.793Z","v":0}
{"name":"Sasta lens Req Logger","hostname":"Sanjay-Murmu","pid":1616,"body":{"status":400,"message":"\"price\" is required"},"statusCode":200,"level":30,"msg":"response","time":"2022-08-03T18:28:56.655Z","v":0}
{"name":"Sasta lens Req Logger","hostname":"Sanjay-Murmu","pid":1616,"body":{"status":400,"message":"\"discription\" is required"},"statusCode":200,"level":30,"msg":"response","time":"2022-08-03T18:29:06.187Z","v":0}
{"name":"Sasta lens Req Logger","hostname":"Sanjay-Murmu","pid":21576,"body":{"status":400,"message":"\"rating\" is required"},"statusCode":200,"level":30,"msg":"response","time":"2022-08-03T18:30:52.548Z","v":0}
{"name":"Sasta lens Req Logger","hostname":"Sanjay-Murmu","pid":7896,"body":{"status":400,"message":"\"rating\" is required"},"statusCode":200,"level":30,"msg":"response","time":"2022-08-03T18:32:17.497Z","v":0}
{"name":"Sasta lens Req Logger","hostname":"Sanjay-Murmu","pid":12644,"body":{"status":400,"message":"\"rating\" is required"},"statusCode":200,"level":30,"msg":"response","time":"2022-08-03T18:32:54.165Z","v":0}
{"name":"Sasta lens Req Logger","hostname":"Sanjay-Murmu","pid":12644,"body":{"status":400,"message":"\"description\" is not allowed"},"statusCode":200,"level":30,"msg":"response","time":"2022-08-03T18:33:53.285Z","v":0}
{"name":"Sasta lens Req Logger","hostname":"Sanjay-Murmu","pid":22684,"body":{"status":400,"message":"\"description\" is not allowed"},"statusCode":200,"level":30,"msg":"response","time":"2022-08-03T18:35:39.800Z","v":0}
{"name":"Sasta lens Req Logger","hostname":"Sanjay-Murmu","pid":22684,"body":{"status":400,"message":"\"description\" is not allowed"},"statusCode":200,"level":30,"msg":"response","time":"2022-08-03T19:06:34.132Z","v":0}
{"name":"Sasta lens Req Logger","hostname":"Sanjay-Murmu","pid":22684,"body":{"status":400,"message":"\"description\" is not allowed"},"statusCode":200,"level":30,"msg":"response","time":"2022-08-03T19:06:52.242Z","v":0}
{"name":"Sasta lens Req Logger","hostname":"Sanjay-Murmu","pid":14192,"body":{"status":400,"message":"\"discription\" is required"},"statusCode":200,"level":30,"msg":"response","time":"2022-08-03T19:06:55.700Z","v":0}
{"name":"Sasta lens Req Logger","hostname":"Sanjay-Murmu","pid":21796,"body":{"status":400,"message":"\"description\" is not allowed"},"statusCode":200,"level":30,"msg":"response","time":"2022-08-03T19:07:14.185Z","v":0}
{"name":"Sasta lens Req Logger","hostname":"Sanjay-Murmu","pid":21796,"body":{"status":400,"message":"\"description\" is not allowed"},"statusCode":200,"level":30,"msg":"response","time":"2022-08-03T19:08:01.428Z","v":0}
{"name":"Sasta lens Req Logger","hostname":"Sanjay-Murmu","pid":23244,"body":{"status":400,"message":"\"discription\" is required"},"statusCode":200,"level":30,"msg":"response","time":"2022-08-03T19:11:41.669Z","v":0}
{"name":"Sasta lens Req Logger","hostname":"Sanjay-Murmu","pid":18508,"body":{"status":400,"message":"\"images\" is not allowed"},"statusCode":200,"level":30,"msg":"response","time":"2022-08-03T19:13:21.529Z","v":0}
{"name":"Sasta lens Req Logger","hostname":"Sanjay-Murmu","pid":24380,"body":{"status":400,"message":"\"images\" must be a string"},"statusCode":200,"level":30,"msg":"response","time":"2022-08-03T19:14:04.360Z","v":0}
{"name":"Sasta lens Req Logger","hostname":"Sanjay-Murmu","pid":2500,"body":{"status":400,"message":"\"images\" must be an object"},"statusCode":200,"level":30,"msg":"response","time":"2022-08-03T19:14:36.720Z","v":0}
{"name":"Sasta lens Req Logger","hostname":"Sanjay-Murmu","pid":9900,"body":{"status":400,"message":"\"images\" must be an object"},"statusCode":200,"level":30,"msg":"response","time":"2022-08-03T19:16:15.519Z","v":0}
{"name":"Sasta lens Req Logger","hostname":"Sanjay-Murmu","pid":16328,"body":{"status":400,"message":"\"images\" must be a string"},"statusCode":200,"level":30,"msg":"response","time":"2022-08-03T19:17:13.175Z","v":0}
{"name":"Sasta lens Req Logger","hostname":"Sanjay-Murmu","pid":740,"body":{"status":400,"message":"\"images\" must be a string"},"statusCode":200,"level":30,"msg":"response","time":"2022-08-03T19:18:44.955Z","v":0}
{"name":"Sasta lens Req Logger","hostname":"Sanjay-Murmu","pid":10096,"body":{"status":400,"message":"\"category\" is not allowed"},"statusCode":200,"level":30,"msg":"response","time":"2022-08-03T19:54:16.736Z","v":0}
{"name":"Sasta lens Req Logger","hostname":"Sanjay-Murmu","pid":22236,"body":{"status":400,"message":"\"category\" is not allowed"},"statusCode":200,"level":30,"msg":"response","time":"2022-08-03T19:54:37.519Z","v":0}
{"name":"Sasta lens Req Logger","hostname":"Sanjay-Murmu","pid":22236,"body":{"status":400,"message":"\"category\" is not allowed"},"statusCode":200,"level":30,"msg":"response","time":"2022-08-03T19:54:39.594Z","v":0}
{"name":"Sasta lens Req Logger","hostname":"Sanjay-Murmu","pid":22236,"body":{"status":400,"message":"\"category\" is not allowed"},"statusCode":200,"level":30,"msg":"response","time":"2022-08-03T19:54:42.784Z","v":0}
{"name":"Sasta lens Req Logger","hostname":"Sanjay-Murmu","pid":4328,"body":{"status":400,"message":"\"category\" is not allowed"},"statusCode":200,"level":30,"msg":"response","time":"2022-08-03T19:55:29.587Z","v":0}
{"name":"Sasta lens Req Logger","hostname":"Sanjay-Murmu","pid":17468,"body":{"status":400,"message":"\"stock\" is not allowed"},"statusCode":200,"level":30,"msg":"response","time":"2022-08-03T19:56:31.617Z","v":0}
{"name":"Sasta lens Req Logger","hostname":"Sanjay-Murmu","pid":24364,"body":{"status":400,"message":"\"numOfReviews\" is not allowed"},"statusCode":200,"level":30,"msg":"response","time":"2022-08-03T19:57:26.208Z","v":0}
{"name":"Sasta lens Req Logger","hostname":"Sanjay-Murmu","pid":8232,"body":{"status":400,"message":"\"numOfReviews\" must be a string"},"statusCode":200,"level":30,"msg":"response","time":"2022-08-03T19:58:24.773Z","v":0}
{"name":"Sasta lens Req Logger","hostname":"Sanjay-Murmu","pid":8812,"body":{"status":400,"message":"\"numOfReviews\" is not allowed"},"statusCode":200,"level":30,"msg":"response","time":"2022-08-03T19:59:52.104Z","v":0}
{"name":"Sasta lens Req Logger","hostname":"Sanjay-Murmu","pid":8812,"body":{"status":400,"message":"\"reviews\" is not allowed"},"statusCode":200,"level":30,"msg":"response","time":"2022-08-03T20:00:09.846Z","v":0}
{"name":"Sasta lens Req Logger","hostname":"Sanjay-Murmu","pid":8448,"body":{"status":401,"message":"jwt must be provided"},"statusCode":200,"level":30,"msg":"response","time":"2022-08-04T18:41:32.978Z","v":0}
{"name":"Sasta lens Req Logger","hostname":"Sanjay-Murmu","pid":16172,"body":{"status":400,"message":"\"confirmPassword\" is not allowed"},"statusCode":200,"level":30,"msg":"response","time":"2022-08-08T18:51:53.308Z","v":0}
